This is pdfTeX, Version 3.1415926-2.5-1.40.14 (MiKTeX 2.9) (preloaded format=pdflatex 2014.7.9)  30 OCT 2014 08:31
entering extended mode
**umicita2014.tex
(C:\Users\Jovia\Documents\GitHub\CBSD\umicita2014\umicita2014.tex
LaTeX2e <2011/06/27>
Babel <v3.8m> and hyphenation patterns for english, afrikaans, ancientgreek, ar
abic, armenian, assamese, basque, bengali, bokmal, bulgarian, catalan, coptic, 
croatian, czech, danish, dutch, esperanto, estonian, farsi, finnish, french, ga
lician, german, german-x-2013-05-26, greek, gujarati, hindi, hungarian, iceland
ic, indonesian, interlingua, irish, italian, kannada, kurmanji, latin, latvian,
 lithuanian, malayalam, marathi, mongolian, mongolianlmc, monogreek, ngerman, n
german-x-2013-05-26, nynorsk, oriya, panjabi, pinyin, polish, portuguese, roman
ian, russian, sanskrit, serbian, slovak, slovenian, spanish, swedish, swissgerm
an, tamil, telugu, turkish, turkmen, ukenglish, ukrainian, uppersorbian, usengl
ishmax, welsh, loaded.
(C:\Users\Jovia\Documents\GitHub\CBSD\umicita2014\IEEEtran.cls
Document Class: IEEEtran 2012/11/21 V1.8c by Harald Hanche-Olsen and Anders Chr
istensen
-- Based on V1.7a by Michael Shell
-- See the "IEEEtran_HOWTO" manual for usage information.
-- http://www.michaelshell.org/tex/ieeetran/
\@IEEEtrantmpdimenA=\dimen102
\@IEEEtrantmpdimenB=\dimen103
\@IEEEtrantmpcountA=\count79
\@IEEEtrantmpcountB=\count80
\@IEEEtrantmptoksA=\toks14
LaTeX Font Info:    Try loading font information for OT1+ptm on input line 373.

("C:\Program Files\MiKTeX 2.9\tex\latex\psnfss\ot1ptm.fd"
File: ot1ptm.fd 2001/06/04 font definitions for OT1/ptm.
)
-- Using 8.5in x 11in (letter) paper.
-- Using PDF output.
\@IEEEnormalsizeunitybaselineskip=\dimen104
-- This is a 10 point document.
\CLASSINFOnormalsizebaselineskip=\dimen105
\CLASSINFOnormalsizeunitybaselineskip=\dimen106
\IEEEnormaljot=\dimen107
LaTeX Font Info:    Font shape `OT1/ptm/bx/n' in size <5> not available
(Font)              Font shape `OT1/ptm/b/n' tried instead on input line 731.
LaTeX Font Info:    Font shape `OT1/ptm/bx/it' in size <5> not available
(Font)              Font shape `OT1/ptm/b/it' tried instead on input line 731.
LaTeX Font Info:    Font shape `OT1/ptm/bx/n' in size <7> not available
(Font)              Font shape `OT1/ptm/b/n' tried instead on input line 731.
LaTeX Font Info:    Font shape `OT1/ptm/bx/it' in size <7> not available
(Font)              Font shape `OT1/ptm/b/it' tried instead on input line 731.
LaTeX Font Info:    Font shape `OT1/ptm/bx/n' in size <8> not available
(Font)              Font shape `OT1/ptm/b/n' tried instead on input line 731.
LaTeX Font Info:    Font shape `OT1/ptm/bx/it' in size <8> not available
(Font)              Font shape `OT1/ptm/b/it' tried instead on input line 731.
LaTeX Font Info:    Font shape `OT1/ptm/bx/n' in size <9> not available
(Font)              Font shape `OT1/ptm/b/n' tried instead on input line 731.
LaTeX Font Info:    Font shape `OT1/ptm/bx/it' in size <9> not available
(Font)              Font shape `OT1/ptm/b/it' tried instead on input line 731.
LaTeX Font Info:    Font shape `OT1/ptm/bx/n' in size <10> not available
(Font)              Font shape `OT1/ptm/b/n' tried instead on input line 731.
LaTeX Font Info:    Font shape `OT1/ptm/bx/it' in size <10> not available
(Font)              Font shape `OT1/ptm/b/it' tried instead on input line 731.
LaTeX Font Info:    Font shape `OT1/ptm/bx/n' in size <11> not available
(Font)              Font shape `OT1/ptm/b/n' tried instead on input line 731.
LaTeX Font Info:    Font shape `OT1/ptm/bx/it' in size <11> not available
(Font)              Font shape `OT1/ptm/b/it' tried instead on input line 731.
LaTeX Font Info:    Font shape `OT1/ptm/bx/n' in size <12> not available
(Font)              Font shape `OT1/ptm/b/n' tried instead on input line 731.
LaTeX Font Info:    Font shape `OT1/ptm/bx/it' in size <12> not available
(Font)              Font shape `OT1/ptm/b/it' tried instead on input line 731.
LaTeX Font Info:    Font shape `OT1/ptm/bx/n' in size <17> not available
(Font)              Font shape `OT1/ptm/b/n' tried instead on input line 731.
LaTeX Font Info:    Font shape `OT1/ptm/bx/it' in size <17> not available
(Font)              Font shape `OT1/ptm/b/it' tried instead on input line 731.
LaTeX Font Info:    Font shape `OT1/ptm/bx/n' in size <20> not available
(Font)              Font shape `OT1/ptm/b/n' tried instead on input line 731.
LaTeX Font Info:    Font shape `OT1/ptm/bx/it' in size <20> not available
(Font)              Font shape `OT1/ptm/b/it' tried instead on input line 731.
LaTeX Font Info:    Font shape `OT1/ptm/bx/n' in size <24> not available
(Font)              Font shape `OT1/ptm/b/n' tried instead on input line 731.
LaTeX Font Info:    Font shape `OT1/ptm/bx/it' in size <24> not available
(Font)              Font shape `OT1/ptm/b/it' tried instead on input line 731.
\IEEEilabelindentA=\dimen108
\IEEEilabelindentB=\dimen109
\IEEEilabelindent=\dimen110
\IEEEelabelindent=\dimen111
\IEEEdlabelindent=\dimen112
\IEEElabelindent=\dimen113
\IEEEiednormlabelsep=\dimen114
\IEEEiedmathlabelsep=\dimen115
\IEEEiedtopsep=\skip41
\c@section=\count81
\c@subsection=\count82
\c@subsubsection=\count83
\c@paragraph=\count84
\c@IEEEsubequation=\count85
\abovecaptionskip=\skip42
\belowcaptionskip=\skip43
\c@figure=\count86
\c@table=\count87
\@IEEEeqnnumcols=\count88
\@IEEEeqncolcnt=\count89
\@IEEEtmpitemindent=\dimen116
\c@IEEEbiography=\count90
\@IEEEtranrubishbin=\box26
) ("C:\Program Files\MiKTeX 2.9\tex\latex\graphics\graphicx.sty"
Package: graphicx 1999/02/16 v1.0f Enhanced LaTeX Graphics (DPC,SPQR)

("C:\Program Files\MiKTeX 2.9\tex\latex\graphics\keyval.sty"
Package: keyval 1999/03/16 v1.13 key=value parser (DPC)
\KV@toks@=\toks15
)
("C:\Program Files\MiKTeX 2.9\tex\latex\graphics\graphics.sty"
Package: graphics 2009/02/05 v1.0o Standard LaTeX Graphics (DPC,SPQR)

("C:\Program Files\MiKTeX 2.9\tex\latex\graphics\trig.sty"
Package: trig 1999/03/16 v1.09 sin cos tan (DPC)
)
("C:\Program Files\MiKTeX 2.9\tex\latex\00miktex\graphics.cfg"
File: graphics.cfg 2007/01/18 v1.5 graphics configuration of teTeX/TeXLive
)
Package graphics Info: Driver file: pdftex.def on input line 91.

("C:\Program Files\MiKTeX 2.9\tex\latex\pdftex-def\pdftex.def"
File: pdftex.def 2011/05/27 v0.06d Graphics/color for pdfTeX

("C:\Program Files\MiKTeX 2.9\tex\generic\oberdiek\infwarerr.sty"
Package: infwarerr 2010/04/08 v1.3 Providing info/warning/error messages (HO)
)
("C:\Program Files\MiKTeX 2.9\tex\generic\oberdiek\ltxcmds.sty"
Package: ltxcmds 2011/11/09 v1.22 LaTeX kernel commands for general use (HO)
)
\Gread@gobject=\count91
))
\Gin@req@height=\dimen117
\Gin@req@width=\dimen118
)
(C:\Users\Jovia\Documents\GitHub\CBSD\umicita2014\umicita2014.aux)
LaTeX Font Info:    Checking defaults for OML/cmm/m/it on input line 350.
LaTeX Font Info:    ... okay on input line 350.
LaTeX Font Info:    Checking defaults for T1/cmr/m/n on input line 350.
LaTeX Font Info:    ... okay on input line 350.
LaTeX Font Info:    Checking defaults for OT1/cmr/m/n on input line 350.
LaTeX Font Info:    ... okay on input line 350.
LaTeX Font Info:    Checking defaults for OMS/cmsy/m/n on input line 350.
LaTeX Font Info:    ... okay on input line 350.
LaTeX Font Info:    Checking defaults for OMX/cmex/m/n on input line 350.
LaTeX Font Info:    ... okay on input line 350.
LaTeX Font Info:    Checking defaults for U/cmr/m/n on input line 350.
LaTeX Font Info:    ... okay on input line 350.

(C:\Users\Jovia\AppData\Roaming\MiKTeX\2.9\tex\context\base\supp-pdf.mkii
[Loading MPS to PDF converter (version 2006.09.02).]
\scratchcounter=\count92
\scratchdimen=\dimen119
\scratchbox=\box27
\nofMPsegments=\count93
\nofMParguments=\count94
\everyMPshowfont=\toks16
\MPscratchCnt=\count95
\MPscratchDim=\dimen120
\MPnumerator=\count96
\makeMPintoPDFobject=\count97
\everyMPtoPDFconversion=\toks17
)
LaTeX Font Info:    External font `cmex10' loaded for size
(Font)              <9> on input line 411.
LaTeX Font Info:    External font `cmex10' loaded for size
(Font)              <6> on input line 411.
LaTeX Font Info:    External font `cmex10' loaded for size
(Font)              <5> on input line 411.
LaTeX Font Info:    External font `cmex10' loaded for size
(Font)              <7> on input line 439.

Underfull \hbox (badness 10000) in paragraph at lines 439--440

 []


Underfull \hbox (badness 4205) in paragraph at lines 439--440
\OT1/ptm/m/n/10 The lead-ing dis-eases af-fect-ing cas-sava in these ar-eas
 []


Underfull \hbox (badness 10000) in paragraph at lines 439--440

 []


Underfull \hbox (badness 3078) in paragraph at lines 442--443
\OT1/ptm/m/n/10 com-bi-na-tion of a sin-gle wave-length and a nor-malised
 []


Underfull \hbox (badness 10000) in paragraph at lines 442--443

 []


Underfull \hbox (badness 2111) in paragraph at lines 442--443
\OT1/ptm/m/n/10 Smith and Ca-margo [[]] de-vel-oped an image-processing
 []


Underfull \hbox (badness 10000) in paragraph at lines 442--443

 []


Underfull \hbox (badness 10000) in paragraph at lines 442--443

 []


Underfull \hbox (badness 5022) in paragraph at lines 442--443
\OT1/ptm/m/n/10 Smith and Ca-margo [[]] per-formed an im-age pat-tern
 []

[1{C:/Users/Jovia/AppData/Local/MiKTeX/2.9/pdftex/config/pdftex.map}


]
<images/cassava1.jpg, id=11, 1011.17775pt x 658.25925pt>
File: images/cassava1.jpg Graphic file (type jpg)

<use images/cassava1.jpg>
Package pdftex.def Info: images/cassava1.jpg used on input line 460.
(pdftex.def)             Requested size: 151.67012pt x 98.73462pt.


LaTeX Warning: Reference `fig:CONM' on page 2 undefined on input line 469.

! Too many }'s.
l.488 \end{table}}
                  
? 

Underfull \hbox (badness 3138) in paragraph at lines 498--499
[]\OT1/ptm/m/n/10 Off-diagonal row el-e-ments rep-re-sent Sur-
 []

<images/cropped.jpg, id=12, 297.11pt x 277.035pt>
File: images/cropped.jpg Graphic file (type jpg)
 <use images/cropped.jpg>
Package pdftex.def Info: images/cropped.jpg used on input line 514.
(pdftex.def)             Requested size: 75.91573pt x 70.78459pt.

<images/croppedbinary.jpg, id=13, 297.11pt x 277.035pt>
File: images/croppedbinary.jpg Graphic file (type jpg)

<use images/croppedbinary.jpg>
Package pdftex.def Info: images/croppedbinary.jpg used on input line 520.
(pdftex.def)             Requested size: 75.91573pt x 70.78459pt.
 [2 <C:/Users/Jovia/Documents/GitHub/CBSD/umicita2014/images/cassava1.jpg> <C:/
Users/Jovia/Documents/GitHub/CBSD/umicita2014/images/cropped.jpg> <C:/Users/Jov
ia/Documents/GitHub/CBSD/umicita2014/images/croppedbinary.jpg>]
Underfull \hbox (badness 10000) in paragraph at lines 532--533

 []


Underfull \hbox (badness 1762) in paragraph at lines 532--533
\OT1/ptm/m/n/10 how good the clas-si-fiers per-formed when dis-tin-guish-ing
 []

! Missing $ inserted.
<inserted text> 
                $
l.540 
      
? 
! Display math should end with $$.
<to be read again> 
                   \par 
l.540 
      
? 
! Missing $ inserted.
<inserted text> 
                $
l.541  Actual\%\,of\,Necrosis = \left
                                     (\frac{ number\, of\, pixels\, labeled\...

? 
! You can't use `\eqno' in math mode.
\endequation ->\eqno 
                     \hbox {\@eqnnum }$$\@ignoretrue 
l.542 \end{equation}
                    
? 
! Missing $ inserted.
<inserted text> 
                $
l.542 \end{equation}
                    
? 

Overfull \hbox (3.30875pt too wide) in paragraph at lines 541--543
[]\OT1/ptm/m/n/10 Actual%ofNecrosis = $[]  \OMS/cmsy/m/n/10 
 []


Underfull \hbox (badness 10000) in paragraph at lines 545--546

 []


Underfull \hbox (badness 2460) in paragraph at lines 545--546
\OT1/ptm/m/n/10 Table II[] shows the re-sults for AUC ob-tained for the
 []


Underfull \hbox (badness 10000) in paragraph at lines 545--546

 []


Underfull \hbox (badness 4441) in paragraph at lines 545--546
\OT1/ptm/m/n/10 With Pre-dic-tive Ac-cu-racy Score, the ac-cu-racy of the
 []

LaTeX Font Info:    External font `cmex10' loaded for size
(Font)              <8> on input line 549.

! LaTeX Error: \begin{document} ended by \end{itemize}.

See the LaTeX manual or LaTeX Companion for explanation.
Type  H <return>  for immediate help.
 ...                                              
                                                  
l.583 \end{itemize}
                   
? 
! Extra \endgroup.
<recently read> \endgroup 
                          
l.583 \end{itemize}
                   
? 
! Undefined control sequence.
l.590     \text
               {MAE}(y, \hat{y}) = \frac{1}{N} \sum_{i=1}^{N}} \left| y_{i} ...

? 
! Extra }, or forgotten $.
l.590 ...y, \hat{y}) = \frac{1}{N} \sum_{i=1}^{N}}
                                                   \left| y_{i} - \hat{y}_{i...

? 

Underfull \hbox (badness 10000) in paragraph at lines 595--596

 []


Underfull \hbox (badness 10000) in paragraph at lines 641--643

 []

[3] <images/Suveyor_predicted.jpg, id=27, 818.05624pt x 617.30624pt>
File: images/Suveyor_predicted.jpg Graphic file (type jpg)

<use images/Suveyor_predicted.jpg>
Package pdftex.def Info: images/Suveyor_predicted.jpg used on input line 654.
(pdftex.def)             Requested size: 204.51355pt x 154.32617pt.

<images/Actual_Predicted.jpg, id=28, 818.05624pt x 617.30624pt>
File: images/Actual_Predicted.jpg Graphic file (type jpg)

<use images/Actual_Predicted.jpg>
Package pdftex.def Info: images/Actual_Predicted.jpg used on input line 661.
(pdftex.def)             Requested size: 204.51355pt x 154.32617pt.

<images/Actual_surveyor.jpg, id=29, 818.05624pt x 617.30624pt>
File: images/Actual_surveyor.jpg Graphic file (type jpg)

<use images/Actual_surveyor.jpg>
Package pdftex.def Info: images/Actual_surveyor.jpg used on input line 668.
(pdftex.def)             Requested size: 204.51355pt x 154.32617pt.

Underfull \hbox (badness 1590) in paragraph at lines 781--783
\OT1/ptm/m/n/10 been shown how dif-fer-ent clas-si-fi-ca-tion tech-niques have
 []


Underfull \hbox (badness 10000) in paragraph at lines 781--783

 []


Underfull \hbox (badness 1442) in paragraph at lines 781--783
\OT1/ptm/m/n/10 brown streak dis-ease by pro-vid-ing real-time in-for-ma-tion
 []

[4 <C:/Users/Jovia/Documents/GitHub/CBSD/umicita2014/images/Suveyor_predicted.j
pg> <C:/Users/Jovia/Documents/GitHub/CBSD/umicita2014/images/Actual_Predicted.j
pg> <C:/Users/Jovia/Documents/GitHub/CBSD/umicita2014/images/Actual_surveyor.jp
g>] (C:\Users\Jovia\Documents\GitHub\CBSD\umicita2014\umicita2014.bbl
Missing character: There is no Ã in font ptmr7t!
Missing character: There is no ¼ in font ptmr7t!
)

** Conference Paper **
Before submitting the final camera ready copy, remember to:

 1. Manually equalize the lengths of two columns on the last page
 of your paper;

 2. Ensure that any PostScript and/or PDF output post-processing
 uses only Type 1 fonts and that every step in the generation
 process uses the appropriate paper size.

[5] (C:\Users\Jovia\Documents\GitHub\CBSD\umicita2014\umicita2014.aux)

LaTeX Warning: There were undefined references.

 )
(\end occurred inside a group at level 2)

### simple group (level 2) entered at line 781 ({)
### simple group (level 1) entered at line 641 ({)
### bottom level 
Here is how much of TeX's memory you used:
 1904 strings out of 493921
 30133 string characters out of 3147283
 96176 words of memory out of 3000000
 5212 multiletter control sequences out of 15000+200000
 40787 words of font info for 76 fonts, out of 3000000 for 9000
 844 hyphenation exceptions out of 8191
 27i,9n,21p,2851b,261s stack positions out of 5000i,500n,10000p,200000b,50000s
{C:/Program Files/MiKTeX 2.9/fonts/enc/dvips/fontname/8r.enc}<C
:/Program Files/MiKTeX 2.9/fonts/type1/public/amsfonts/cm/cmex10.pfb><C:/Progra
m Files/MiKTeX 2.9/fonts/type1/public/amsfonts/cm/cmmi10.pfb><C:/Program Files/
MiKTeX 2.9/fonts/type1/public/amsfonts/cm/cmmi7.pfb><C:/Program Files/MiKTeX 2.
9/fonts/type1/public/amsfonts/cm/cmmi8.pfb><C:/Program Files/MiKTeX 2.9/fonts/t
ype1/public/amsfonts/cm/cmmi9.pfb><C:/Program Files/MiKTeX 2.9/fonts/type1/publ
ic/amsfonts/cm/cmr10.pfb><C:/Program Files/MiKTeX 2.9/fonts/type1/public/amsfon
ts/cm/cmr5.pfb><C:/Program Files/MiKTeX 2.9/fonts/type1/public/amsfonts/cm/cmr6
.pfb><C:/Program Files/MiKTeX 2.9/fonts/type1/public/amsfonts/cm/cmr7.pfb><C:/P
rogram Files/MiKTeX 2.9/fonts/type1/public/amsfonts/cm/cmsy10.pfb><C:/Program F
iles/MiKTeX 2.9/fonts/type1/urw/times/utmb8a.pfb><C:/Program Files/MiKTeX 2.9/f
onts/type1/urw/times/utmbi8a.pfb><C:/Program Files/MiKTeX 2.9/fonts/type1/urw/t
imes/utmr8a.pfb><C:/Program Files/MiKTeX 2.9/fonts/type1/urw/times/utmri8a.pfb>
Output written on umicita2014.pdf (5 pages, 546640 bytes).
PDF statistics:
 81 PDF objects out of 1000 (max. 8388607)
 0 named destinations out of 1000 (max. 500000)
 31 words of extra memory for PDF output out of 10000 (max. 10000000)

